Flow report for rc4
Sun Jun 16 14:48:04 2024
Quartus Prime Version 16.1.2 Build 203 01/18/2017 SJ Lite Edition


---------------------
; Table of Contents ;
---------------------
  1. Legal Notice
  2. Flow Summary
  3. Flow Settings
  4. Flow Non-Default Global Settings
  5. Flow Elapsed Time
  6. Flow OS Summary
  7. Flow Log
  8. Flow Messages
  9. Flow Suppressed Messages



----------------
; Legal Notice ;
----------------
Copyright (C) 2017  Intel Corporation. All rights reserved.
Your use of Intel Corporation's design tools, logic functions 
and other software and tools, and its AMPP partner logic 
functions, and any output files from any of the foregoing 
(including device programming or simulation files), and any 
associated documentation or information are expressly subject 
to the terms and conditions of the Intel Program License 
Subscription Agreement, the Intel Quartus Prime License Agreement,
the Intel MegaCore Function License Agreement, or other 
applicable license agreement, including, without limitation, 
that your use is for the sole purpose of programming logic 
devices manufactured by Intel and sold by Intel or its 
authorized distributors.  Please refer to the applicable 
agreement for further details.



+-------------------------------------------------------------------------------+
; Flow Summary                                                                  ;
+---------------------------------+---------------------------------------------+
; Flow Status                     ; Successful - Sun Jun 16 14:47:41 2024       ;
; Quartus Prime Version           ; 16.1.2 Build 203 01/18/2017 SJ Lite Edition ;
; Revision Name                   ; rc4                                         ;
; Top-level Entity Name           ; ksa                                         ;
; Family                          ; Cyclone V                                   ;
; Device                          ; 5CSEMA5F31C6                                ;
; Timing Models                   ; Final                                       ;
; Logic utilization (in ALMs)     ; 970 / 32,070 ( 3 % )                        ;
; Total registers                 ; 2133                                        ;
; Total pins                      ; 69 / 457 ( 15 % )                           ;
; Total virtual pins              ; 0                                           ;
; Total block memory bits         ; 1,624,576 / 4,065,280 ( 40 % )              ;
; Total DSP Blocks                ; 0 / 87 ( 0 % )                              ;
; Total HSSI RX PCSs              ; 0                                           ;
; Total HSSI PMA RX Deserializers ; 0                                           ;
; Total HSSI TX PCSs              ; 0                                           ;
; Total HSSI PMA TX Serializers   ; 0                                           ;
; Total PLLs                      ; 0 / 6 ( 0 % )                               ;
; Total DLLs                      ; 0 / 4 ( 0 % )                               ;
+---------------------------------+---------------------------------------------+


+-----------------------------------------+
; Flow Settings                           ;
+-------------------+---------------------+
; Option            ; Setting             ;
+-------------------+---------------------+
; Start date & time ; 06/16/2024 14:43:31 ;
; Main task         ; Compilation         ;
; Revision Name     ; rc4                 ;
+-------------------+---------------------+


+--------------------------------------------------------------------------------------------------------------------------------------------------------------------------------------------------------------------------------------------------------------------------------------------------------------------------------------------------------------------------------------------------------------------------------------------------------------+
; Flow Non-Default Global Settings                                                                                                                                                                                                                                                                                                                                                                                                                             ;
+---------------------------------------------------+----------------------------------------------------------------------------------------------------------------------------------------------------------------------------------------------------------------------------------------------------------------------------------------------------------------------------------------------------------+--------------------+-------------+------------+
; Assignment Name                                   ; Value                                                                                                                                                                                                                                                                                                                                                    ; Default Value      ; Entity Name ; Section Id ;
+---------------------------------------------------+----------------------------------------------------------------------------------------------------------------------------------------------------------------------------------------------------------------------------------------------------------------------------------------------------------------------------------------------------------+--------------------+-------------+------------+
; AUTO_RAM_RECOGNITION                              ; Off                                                                                                                                                                                                                                                                                                                                                      ; On                 ; --          ; --         ;
; AUTO_ROM_RECOGNITION                              ; Off                                                                                                                                                                                                                                                                                                                                                      ; On                 ; --          ; --         ;
; BLOCK_RAM_AND_MLAB_EQUIVALENT_POWER_UP_CONDITIONS ; Care                                                                                                                                                                                                                                                                                                                                                     ; Auto               ; --          ; --         ;
; COMPILER_SIGNATURE_ID                             ; 215519996261708.171857421100780                                                                                                                                                                                                                                                                                                                          ; --                 ; --          ; --         ;
; ENABLE_SIGNALTAP                                  ; On                                                                                                                                                                                                                                                                                                                                                       ; --                 ; --          ; --         ;
; EXTRACT_VERILOG_STATE_MACHINES                    ; Off                                                                                                                                                                                                                                                                                                                                                      ; On                 ; --          ; --         ;
; EXTRACT_VHDL_STATE_MACHINES                       ; Off                                                                                                                                                                                                                                                                                                                                                      ; On                 ; --          ; --         ;
; FITTER_EFFORT                                     ; Standard Fit                                                                                                                                                                                                                                                                                                                                             ; Auto Fit           ; --          ; --         ;
; MAX_CORE_JUNCTION_TEMP                            ; 85                                                                                                                                                                                                                                                                                                                                                       ; --                 ; --          ; --         ;
; MIN_CORE_JUNCTION_TEMP                            ; 0                                                                                                                                                                                                                                                                                                                                                        ; --                 ; --          ; --         ;
; MISC_FILE                                         ; s_memory.cmp                                                                                                                                                                                                                                                                                                                                             ; --                 ; --          ; --         ;
; OPTIMIZE_POWER_DURING_SYNTHESIS                   ; Off                                                                                                                                                                                                                                                                                                                                                      ; Normal compilation ; --          ; --         ;
; PARTITION_COLOR                                   ; -- (Not supported for targeted family)                                                                                                                                                                                                                                                                                                                   ; --                 ; ksa         ; Top        ;
; PARTITION_FITTER_PRESERVATION_LEVEL               ; -- (Not supported for targeted family)                                                                                                                                                                                                                                                                                                                   ; --                 ; ksa         ; Top        ;
; PARTITION_NETLIST_TYPE                            ; -- (Not supported for targeted family)                                                                                                                                                                                                                                                                                                                   ; --                 ; ksa         ; Top        ;
; PHYSICAL_SYNTHESIS_EFFORT                         ; Fast                                                                                                                                                                                                                                                                                                                                                     ; Normal             ; --          ; --         ;
; PHYSICAL_SYNTHESIS_REGISTER_RETIMING              ; On                                                                                                                                                                                                                                                                                                                                                       ; Off                ; --          ; --         ;
; POWER_BOARD_THERMAL_MODEL                         ; None (CONSERVATIVE)                                                                                                                                                                                                                                                                                                                                      ; --                 ; --          ; --         ;
; POWER_PRESET_COOLING_SOLUTION                     ; 23 MM HEAT SINK WITH 200 LFPM AIRFLOW                                                                                                                                                                                                                                                                                                                    ; --                 ; --          ; --         ;
; PROJECT_OUTPUT_DIRECTORY                          ; output_files                                                                                                                                                                                                                                                                                                                                             ; --                 ; --          ; --         ;
; ROUTER_CLOCKING_TOPOLOGY_ANALYSIS                 ; On                                                                                                                                                                                                                                                                                                                                                       ; Off                ; --          ; --         ;
; SLD_FILE                                          ; db/lcd_scope_auto_stripped.stp                                                                                                                                                                                                                                                                                                                           ; --                 ; --          ; --         ;
; SLD_NODE_CREATOR_ID                               ; 110                                                                                                                                                                                                                                                                                                                                                      ; --                 ; --          ; FSM3       ;
; SLD_NODE_ENTITY_NAME                              ; sld_signaltap                                                                                                                                                                                                                                                                                                                                            ; --                 ; --          ; FSM3       ;
; SLD_NODE_PARAMETER_ASSIGNMENT                     ; SLD_RAM_BLOCK_TYPE=AUTO                                                                                                                                                                                                                                                                                                                                  ; --                 ; --          ; FSM3       ;
; SLD_NODE_PARAMETER_ASSIGNMENT                     ; SLD_DATA_BITS=99                                                                                                                                                                                                                                                                                                                                         ; --                 ; --          ; FSM3       ;
; SLD_NODE_PARAMETER_ASSIGNMENT                     ; SLD_TRIGGER_BITS=99                                                                                                                                                                                                                                                                                                                                      ; --                 ; --          ; FSM3       ;
; SLD_NODE_PARAMETER_ASSIGNMENT                     ; SLD_STORAGE_QUALIFIER_BITS=99                                                                                                                                                                                                                                                                                                                            ; --                 ; --          ; FSM3       ;
; SLD_NODE_PARAMETER_ASSIGNMENT                     ; SLD_NODE_INFO=805334528                                                                                                                                                                                                                                                                                                                                  ; --                 ; --          ; FSM3       ;
; SLD_NODE_PARAMETER_ASSIGNMENT                     ; SLD_POWER_UP_TRIGGER=0                                                                                                                                                                                                                                                                                                                                   ; --                 ; --          ; FSM3       ;
; SLD_NODE_PARAMETER_ASSIGNMENT                     ; SLD_INVERSION_MASK=0000000000000000000000000000000000000000000000000000000000000000000000000000000000000000000000000000000000000000000000000000000000000000000000000000000000000000000000000000000000000000000000000000000000000000000000000000000000000000000000000000000000000000000000000000000000000000000000000000000000000000000000000000000000000 ; --                 ; --          ; FSM3       ;
; SLD_NODE_PARAMETER_ASSIGNMENT                     ; SLD_INVERSION_MASK_LENGTH=325                                                                                                                                                                                                                                                                                                                            ; --                 ; --          ; FSM3       ;
; SLD_NODE_PARAMETER_ASSIGNMENT                     ; SLD_STORAGE_QUALIFIER_INVERSION_MASK_LENGTH=0                                                                                                                                                                                                                                                                                                            ; --                 ; --          ; FSM3       ;
; SLD_NODE_PARAMETER_ASSIGNMENT                     ; SLD_SEGMENT_SIZE=16384                                                                                                                                                                                                                                                                                                                                   ; --                 ; --          ; FSM3       ;
; SLD_NODE_PARAMETER_ASSIGNMENT                     ; SLD_ATTRIBUTE_MEM_MODE=OFF                                                                                                                                                                                                                                                                                                                               ; --                 ; --          ; FSM3       ;
; SLD_NODE_PARAMETER_ASSIGNMENT                     ; SLD_STATE_FLOW_USE_GENERATED=0                                                                                                                                                                                                                                                                                                                           ; --                 ; --          ; FSM3       ;
; SLD_NODE_PARAMETER_ASSIGNMENT                     ; SLD_STATE_BITS=11                                                                                                                                                                                                                                                                                                                                        ; --                 ; --          ; FSM3       ;
; SLD_NODE_PARAMETER_ASSIGNMENT                     ; SLD_BUFFER_FULL_STOP=1                                                                                                                                                                                                                                                                                                                                   ; --                 ; --          ; FSM3       ;
; SLD_NODE_PARAMETER_ASSIGNMENT                     ; SLD_CURRENT_RESOURCE_WIDTH=1                                                                                                                                                                                                                                                                                                                             ; --                 ; --          ; FSM3       ;
; SLD_NODE_PARAMETER_ASSIGNMENT                     ; SLD_INCREMENTAL_ROUTING=1                                                                                                                                                                                                                                                                                                                                ; --                 ; --          ; FSM3       ;
; SLD_NODE_PARAMETER_ASSIGNMENT                     ; SLD_TRIGGER_LEVEL=1                                                                                                                                                                                                                                                                                                                                      ; --                 ; --          ; FSM3       ;
; SLD_NODE_PARAMETER_ASSIGNMENT                     ; SLD_SAMPLE_DEPTH=16384                                                                                                                                                                                                                                                                                                                                   ; --                 ; --          ; FSM3       ;
; SLD_NODE_PARAMETER_ASSIGNMENT                     ; SLD_TRIGGER_IN_ENABLED=0                                                                                                                                                                                                                                                                                                                                 ; --                 ; --          ; FSM3       ;
; SLD_NODE_PARAMETER_ASSIGNMENT                     ; SLD_TRIGGER_PIPELINE=0                                                                                                                                                                                                                                                                                                                                   ; --                 ; --          ; FSM3       ;
; SLD_NODE_PARAMETER_ASSIGNMENT                     ; SLD_RAM_PIPELINE=0                                                                                                                                                                                                                                                                                                                                       ; --                 ; --          ; FSM3       ;
; SLD_NODE_PARAMETER_ASSIGNMENT                     ; SLD_COUNTER_PIPELINE=0                                                                                                                                                                                                                                                                                                                                   ; --                 ; --          ; FSM3       ;
; SLD_NODE_PARAMETER_ASSIGNMENT                     ; SLD_ADVANCED_TRIGGER_ENTITY=basic,1,                                                                                                                                                                                                                                                                                                                     ; --                 ; --          ; FSM3       ;
; SLD_NODE_PARAMETER_ASSIGNMENT                     ; SLD_TRIGGER_LEVEL_PIPELINE=1                                                                                                                                                                                                                                                                                                                             ; --                 ; --          ; FSM3       ;
; SLD_NODE_PARAMETER_ASSIGNMENT                     ; SLD_ENABLE_ADVANCED_TRIGGER=0                                                                                                                                                                                                                                                                                                                            ; --                 ; --          ; FSM3       ;
; SYNCHRONIZATION_REGISTER_CHAIN_LENGTH             ; 2                                                                                                                                                                                                                                                                                                                                                        ; 3                  ; --          ; --         ;
; TOP_LEVEL_ENTITY                                  ; ksa                                                                                                                                                                                                                                                                                                                                                      ; rc4                ; --          ; --         ;
; USE_SIGNALTAP_FILE                                ; lcd_scope.stp                                                                                                                                                                                                                                                                                                                                            ; --                 ; --          ; --         ;
; VERILOG_INPUT_VERSION                             ; SystemVerilog_2005                                                                                                                                                                                                                                                                                                                                       ; Verilog_2001       ; --          ; --         ;
; VERILOG_NON_CONSTANT_LOOP_LIMIT                   ; 5000                                                                                                                                                                                                                                                                                                                                                     ; 250                ; --          ; --         ;
; VERILOG_SHOW_LMF_MAPPING_MESSAGES                 ; Off                                                                                                                                                                                                                                                                                                                                                      ; --                 ; --          ; --         ;
+---------------------------------------------------+----------------------------------------------------------------------------------------------------------------------------------------------------------------------------------------------------------------------------------------------------------------------------------------------------------------------------------------------------------+--------------------+-------------+------------+


+-------------------------------------------------------------------------------------------------------------------------------+
; Flow Elapsed Time                                                                                                             ;
+---------------------------+--------------+-------------------------+---------------------+------------------------------------+
; Module Name               ; Elapsed Time ; Average Processors Used ; Peak Virtual Memory ; Total CPU Time (on all processors) ;
+---------------------------+--------------+-------------------------+---------------------+------------------------------------+
; Analysis & Synthesis      ; 00:00:36     ; 1.0                     ; 5010 MB             ; 00:00:30                           ;
; Fitter                    ; 00:03:20     ; 1.3                     ; 7635 MB             ; 00:04:41                           ;
; Assembler                 ; 00:00:10     ; 1.0                     ; 4895 MB             ; 00:00:03                           ;
; TimeQuest Timing Analyzer ; 00:00:22     ; 2.6                     ; 5370 MB             ; 00:00:21                           ;
; Total                     ; 00:04:28     ; --                      ; --                  ; 00:05:35                           ;
+---------------------------+--------------+-------------------------+---------------------+------------------------------------+


+-----------------------------------------------------------------------------------------+
; Flow OS Summary                                                                         ;
+---------------------------+------------------+------------+------------+----------------+
; Module Name               ; Machine Hostname ; OS Name    ; OS Version ; Processor type ;
+---------------------------+------------------+------------+------------+----------------+
; Analysis & Synthesis      ; GgamingDELL      ; Windows 10 ; 10.0       ; x86_64         ;
; Fitter                    ; GgamingDELL      ; Windows 10 ; 10.0       ; x86_64         ;
; Assembler                 ; GgamingDELL      ; Windows 10 ; 10.0       ; x86_64         ;
; TimeQuest Timing Analyzer ; GgamingDELL      ; Windows 10 ; 10.0       ; x86_64         ;
+---------------------------+------------------+------------+------------+----------------+


------------
; Flow Log ;
------------
quartus_map --read_settings_files=on --write_settings_files=off rc4 -c rc4
quartus_fit --read_settings_files=off --write_settings_files=off rc4 -c rc4
quartus_asm --read_settings_files=off --write_settings_files=off rc4 -c rc4
quartus_sta rc4 -c rc4



